<?xml version="1.0" encoding="UTF-8"?>
<coverage generated="1722926386803" clover="3.2.0">
  <project timestamp="1722926386804" name="All files">
    <metrics statements="22" coveredstatements="20" conditionals="6" coveredconditionals="6" methods="2" coveredmethods="1" elements="30" coveredelements="27" complexity="0" loc="22" ncloc="22" packages="1" files="1" classes="1"/>
    <file name="basic.js" path="C:\Users\ASUS\OneDrive\Documents\JCWD\testing\function-test\src\basic.js">
      <metrics statements="22" coveredstatements="20" conditionals="6" coveredconditionals="6" methods="2" coveredmethods="1"/>
      <line num="1" count="1" type="stmt"/>
      <line num="2" count="0" type="stmt"/>
      <line num="3" count="0" type="stmt"/>
      <line num="4" count="1" type="stmt"/>
      <line num="5" count="1" type="stmt"/>
      <line num="6" count="1" type="stmt"/>
      <line num="7" count="1" type="stmt"/>
      <line num="8" count="1" type="stmt"/>
      <line num="9" count="1" type="stmt"/>
      <line num="10" count="1" type="stmt"/>
      <line num="11" count="1" type="stmt"/>
      <line num="12" count="1" type="stmt"/>
      <line num="13" count="1" type="stmt"/>
      <line num="14" count="1" type="stmt"/>
      <line num="15" count="1" type="stmt"/>
      <line num="16" count="1" type="stmt"/>
      <line num="17" count="1" type="cond" truecount="1" falsecount="0"/>
      <line num="18" count="13" type="cond" truecount="1" falsecount="0"/>
      <line num="19" count="13" type="cond" truecount="3" falsecount="0"/>
      <line num="20" count="9" type="cond" truecount="1" falsecount="0"/>
      <line num="21" count="9" type="stmt"/>
      <line num="22" count="9" type="stmt"/>
    </file>
  </project>
</coverage>
